Drill report for calculator_interface.kicad_pcb
Created on 7/31/2022 5:49:18 AM

Copper Layer Stackup:
    =============================================================
    L1 :  F.Cu                      front
    L2 :  B.Cu                      back


Drill file 'calculator_interface-PTH.drl' contains
    plated through holes:
    =============================================================
    T1  0.330mm  0.0130"  (36 holes)
    T2  0.600mm  0.0236"  (34 holes)
    T3  0.700mm  0.0276"  (68 holes)
    T4  0.750mm  0.0295"  (51 holes)
    T5  0.800mm  0.0315"  (246 holes)
    T6  1.000mm  0.0394"  (66 holes)
    T7  5.000mm  0.1969"  (4 holes)

    Total plated holes count 505


Drill file 'calculator_interface-NPTH.drl' contains
    unplated through holes:
    =============================================================

    Total unplated holes count 0
